# JRE version: Java(TM) SE Runtime Environment (19.0.2+7) (build 19.0.2+7-44)
# Java VM: Java HotSpot(TM) 64-Bit Server VM (19.0.2+7-44, mixed mode, sharing, tiered, compressed oops, compressed class ptrs, g1 gc, windows-amd64)
GC Precious Log:
 CardTable entry size: 512
 Card Set container configuration: InlinePtr #cards 5 size 8 Array Of Cards #cards 12 size 40 Howl #buckets 4 coarsen threshold 1843 Howl Bitmap #cards 512 size 80 coarsen threshold 460 Card regions per heap region 1 cards per card region 2048
 CPUs: 4 total, 4 available
 Memory: 7948M
 Large Page Support: Disabled
 NUMA Support: Disabled
 Compressed Oops: Enabled (32-bit)
 Heap Region Size: 1M
 Heap Min Capacity: 8M
 Heap Initial Capacity: 126M
 Heap Max Capacity: 1988M
 Pre-touch: Disabled
 Parallel Workers: 4
 Concurrent Workers: 1
 Concurrent Refinement Workers: 4
 Periodic GC: Disabled
Heap:
 garbage-first heap   total 111616K, used 91800K [0x0000000083c00000, 0x0000000100000000)
  region size 1024K, 35 young (35840K), 1 survivors (1024K)
 Metaspace       used 34487K, committed 34944K, reserved 1114112K
  class space    used 3809K, committed 4032K, reserved 1048576K
GC Heap History (20 events):
Event: 968.517 GC heap before
{Heap before GC invocations=32 (full 0):
 garbage-first heap   total 107520K, used 79676K [0x0000000083c00000, 0x0000000100000000)
  region size 1024K, 25 young (25600K), 2 survivors (2048K)
 Metaspace       used 34015K, committed 34432K, reserved 1114112K
  class space    used 3814K, committed 4032K, reserved 1048576K
}
Event: 968.519 GC heap after
{Heap after GC invocations=33 (full 0):
 garbage-first heap   total 107520K, used 58159K [0x0000000083c00000, 0x0000000100000000)
  region size 1024K, 3 young (3072K), 3 survivors (3072K)
 Metaspace       used 34015K, committed 34432K, reserved 1114112K
  class space    used 3814K, committed 4032K, reserved 1048576K
}
Event: 1110.807 GC heap before
{Heap before GC invocations=34 (full 0):
 garbage-first heap   total 107520K, used 91951K [0x0000000083c00000, 0x0000000100000000)
  region size 1024K, 35 young (35840K), 3 survivors (3072K)
 Metaspace       used 34171K, committed 34624K, reserved 1114112K
  class space    used 3821K, committed 4032K, reserved 1048576K
}
Event: 1110.813 GC heap after
{Heap after GC invocations=35 (full 0):
 garbage-first heap   total 107520K, used 59022K [0x0000000083c00000, 0x0000000100000000)
  region size 1024K, 3 young (3072K), 3 survivors (3072K)
 Metaspace       used 34171K, committed 34624K, reserved 1114112K
  class space    used 3821K, committed 4032K, reserved 1048576K
}
Event: 1127.614 GC heap before
{Heap before GC invocations=35 (full 0):
 garbage-first heap   total 107520K, used 63118K [0x0000000083c00000, 0x0000000100000000)
  region size 1024K, 8 young (8192K), 3 survivors (3072K)
 Metaspace       used 34181K, committed 34624K, reserved 1114112K
  class space    used 3821K, committed 4032K, reserved 1048576K
}
Event: 1127.616 GC heap after
{Heap after GC invocations=36 (full 0):
 garbage-first heap   total 107520K, used 58330K [0x0000000083c00000, 0x0000000100000000)
  region size 1024K, 3 young (3072K), 3 survivors (3072K)
 Metaspace       used 34181K, committed 34624K, reserved 1114112K
  class space    used 3821K, committed 4032K, reserved 1048576K
}
Event: 1167.280 GC heap before
{Heap before GC invocations=37 (full 0):
 garbage-first heap   total 111616K, used 78810K [0x0000000083c00000, 0x0000000100000000)
  region size 1024K, 22 young (22528K), 3 survivors (3072K)
 Metaspace       used 34211K, committed 34624K, reserved 1114112K
  class space    used 3822K, committed 4032K, reserved 1048576K
}
Event: 1167.287 GC heap after
{Heap after GC invocations=38 (full 0):
 garbage-first heap   total 111616K, used 59604K [0x0000000083c00000, 0x0000000100000000)
  region size 1024K, 3 young (3072K), 3 survivors (3072K)
 Metaspace       used 34211K, committed 34624K, reserved 1114112K
  class space    used 3822K, committed 4032K, reserved 1048576K
}
Event: 1326.563 GC heap before
{Heap before GC invocations=39 (full 0):
 garbage-first heap   total 111616K, used 95444K [0x0000000083c00000, 0x0000000100000000)
  region size 1024K, 37 young (37888K), 3 survivors (3072K)
 Metaspace       used 34279K, committed 34688K, reserved 1114112K
  class space    used 3822K, committed 4032K, reserved 1048576K
}
Event: 1326.565 GC heap after
{Heap after GC invocations=40 (full 0):
 garbage-first heap   total 111616K, used 59353K [0x0000000083c00000, 0x0000000100000000)
  region size 1024K, 3 young (3072K), 3 survivors (3072K)
 Metaspace       used 34279K, committed 34688K, reserved 1114112K
  class space    used 3822K, committed 4032K, reserved 1048576K
}
Event: 1543.454 GC heap before
{Heap before GC invocations=40 (full 0):
 garbage-first heap   total 111616K, used 94169K [0x0000000083c00000, 0x0000000100000000)
  region size 1024K, 38 young (38912K), 3 survivors (3072K)
 Metaspace       used 34322K, committed 34752K, reserved 1114112K
  class space    used 3822K, committed 4032K, reserved 1048576K
}
Event: 1543.460 GC heap after
{Heap after GC invocations=41 (full 0):
 garbage-first heap   total 111616K, used 59077K [0x0000000083c00000, 0x0000000100000000)
  region size 1024K, 3 young (3072K), 3 survivors (3072K)
 Metaspace       used 34322K, committed 34752K, reserved 1114112K
  class space    used 3822K, committed 4032K, reserved 1048576K
}
Event: 1758.024 GC heap before
{Heap before GC invocations=42 (full 0):
 garbage-first heap   total 111616K, used 93893K [0x0000000083c00000, 0x0000000100000000)
  region size 1024K, 38 young (38912K), 3 survivors (3072K)
 Metaspace       used 34378K, committed 34816K, reserved 1114112K
  class space    used 3822K, committed 4032K, reserved 1048576K
}
Event: 1758.028 GC heap after
{Heap after GC invocations=43 (full 0):
 garbage-first heap   total 111616K, used 59562K [0x0000000083c00000, 0x0000000100000000)
  region size 1024K, 3 young (3072K), 3 survivors (3072K)
 Metaspace       used 34378K, committed 34816K, reserved 1114112K
  class space    used 3822K, committed 4032K, reserved 1048576K
}
Event: 2033.031 GC heap before
{Heap before GC invocations=43 (full 0):
 garbage-first heap   total 111616K, used 93354K [0x0000000083c00000, 0x0000000100000000)
  region size 1024K, 37 young (37888K), 3 survivors (3072K)
 Metaspace       used 34407K, committed 34880K, reserved 1114112K
  class space    used 3822K, committed 4032K, reserved 1048576K
}
Event: 2033.036 GC heap after
{Heap after GC invocations=44 (full 0):
 garbage-first heap   total 111616K, used 59347K [0x0000000083c00000, 0x0000000100000000)
  region size 1024K, 3 young (3072K), 3 survivors (3072K)
 Metaspace       used 34407K, committed 34880K, reserved 1114112K
  class space    used 3822K, committed 4032K, reserved 1048576K
}
Event: 2233.659 GC heap before
{Heap before GC invocations=45 (full 0):
 garbage-first heap   total 111616K, used 95187K [0x0000000083c00000, 0x0000000100000000)
  region size 1024K, 37 young (37888K), 3 survivors (3072K)
 Metaspace       used 34357K, committed 34880K, reserved 1114112K
  class space    used 3805K, committed 4032K, reserved 1048576K
}
Event: 2233.665 GC heap after
{Heap after GC invocations=46 (full 0):
 garbage-first heap   total 111616K, used 60745K [0x0000000083c00000, 0x0000000100000000)
  region size 1024K, 3 young (3072K), 3 survivors (3072K)
 Metaspace       used 34357K, committed 34880K, reserved 1114112K
  class space    used 3805K, committed 4032K, reserved 1048576K
}
Event: 2234.713 GC heap before
{Heap before GC invocations=46 (full 0):
 garbage-first heap   total 111616K, used 62793K [0x0000000083c00000, 0x0000000100000000)
  region size 1024K, 5 young (5120K), 3 survivors (3072K)
 Metaspace       used 34365K, committed 34880K, reserved 1114112K
  class space    used 3805K, committed 4032K, reserved 1048576K
}
Event: 2234.725 GC heap after
{Heap after GC invocations=47 (full 0):
 garbage-first heap   total 111616K, used 59032K [0x0000000083c00000, 0x0000000100000000)
  region size 1024K, 1 young (1024K), 1 survivors (1024K)
 Metaspace       used 34365K, committed 34880K, reserved 1114112K
  class space    used 3805K, committed 4032K, reserved 1048576K
}

