<?xml version="1.0" encoding="UTF-8"?>
<!-- Generated by org.testng.reporters.JUnitXMLReporter -->
<testsuite ignored="0" hostname="LAPTOP-PJ7L08O1" failures="1" tests="1" name="Default test" time="48.679" errors="0" timestamp="17 Apr 2023 23:05:31 GMT">
  <testcase classname="io.cucumber.testng.AbstractTestNGCucumberTests" name="runScenario" time="48.12">
    <failure type="java.lang.AssertionError" message="The following asserts failed:
	Final Breadcrumb assertion failed: Expected &amp;apos;faucet parts&amp;apos;, but found &amp;apos;faucet &amp;amp; sink parts&amp;apos;. 
Scenario Parameters: 
item: Faucet Parts
 expected [true] but found [false]">
      <![CDATA[java.lang.AssertionError: The following asserts failed:
Final Breadcrumb assertion failed: Expected 'faucet parts', but found 'faucet & sink parts'. 
Scenario Parameters: 
item: Faucet Parts
 expected [true] but found [false]
at org.testng.asserts.SoftAssert.assertAll(SoftAssert.java:43)
at StepDefinitions.ItemSearchSteps.product_details_page_corresponding_with_selected_entry_is_displayed(ItemSearchSteps.java:114)
at ✽.Product details Page Corresponding with selected entry is displayed(file:///C:/Users/lordr/AppiumWorkspace/AmazonFramework/Automation/src/test/java/features/SearchForItem.feature:10)
]]>
    </failure>
  </testcase> <!-- runScenario -->
</testsuite> <!-- Default test -->
