<?xml version="1.0" encoding="UTF-8"?>
<testsuite xmlns:xsi="http://www.w3.org/2001/XMLSchema-instance" xsi:noNamespaceSchemaLocation="https://maven.apache.org/surefire/maven-surefire-plugin/xsd/surefire-test-report-3.0.xsd" version="3.0" name="features.TestNGTestRunner" time="715.897" tests="19" errors="0" skipped="0" failures="2">
  <properties>
[...]
</properties>
  <testcase name="runScenario[&quot;Searching for item and navigating to item Product Details Page&quot;, &quot;Search for an item and click on an item on Amazon&quot;](1)" classname="features.TestNGTestRunner" time="28.901">
    <system-err><![CDATA[SLF4J: Failed to load class "org.slf4j.impl.StaticLoggerBinder".
SLF4J: Defaulting to no-operation (NOP) logger implementation
SLF4J: See http://www.slf4j.org/codes.html#StaticLoggerBinder for further details.
Starting ChromeDriver 111.0.5563.19 (378a38865270d286695aeb86f190564911ef7bc2-refs/branch-heads/5563@{#251}) on port 19228
Only local connections are allowed.
Please see https://chromedriver.chromium.org/security-considerations for suggestions on keeping ChromeDriver safe.
ChromeDriver was started successfully.
Mar 15, 2023 1:53:24 AM org.openqa.selenium.devtools.CdpVersionFinder findNearestMatch
WARNING: Unable to find an exact match for CDP version 111, so returning the closest version found: 109
]]></system-err>
  </testcase>
  <testcase name="runScenario[&quot;Searching for item and navigating to item Product Details Page&quot;, &quot;Search for an item and click on an item on Amazon&quot;](2)" classname="features.TestNGTestRunner" time="46.272">
    <system-err><![CDATA[Starting ChromeDriver 111.0.5563.19 (378a38865270d286695aeb86f190564911ef7bc2-refs/branch-heads/5563@{#251}) on port 26998
Only local connections are allowed.
Please see https://chromedriver.chromium.org/security-considerations for suggestions on keeping ChromeDriver safe.
ChromeDriver was started successfully.
Mar 15, 2023 1:53:50 AM org.openqa.selenium.devtools.CdpVersionFinder findNearestMatch
WARNING: Unable to find an exact match for CDP version 111, so returning the closest version found: 109
]]></system-err>
  </testcase>
  <testcase name="runScenario[&quot;Searching for item and navigating to item Product Details Page&quot;, &quot;Search for an item and click on an item on Amazon&quot;](3)" classname="features.TestNGTestRunner" time="42.306">
    <system-err><![CDATA[Starting ChromeDriver 111.0.5563.19 (378a38865270d286695aeb86f190564911ef7bc2-refs/branch-heads/5563@{#251}) on port 3288
Only local connections are allowed.
Please see https://chromedriver.chromium.org/security-considerations for suggestions on keeping ChromeDriver safe.
ChromeDriver was started successfully.
Mar 15, 2023 1:54:36 AM org.openqa.selenium.devtools.CdpVersionFinder findNearestMatch
WARNING: Unable to find an exact match for CDP version 111, so returning the closest version found: 109
]]></system-err>
  </testcase>
  <testcase name="runScenario[&quot;Searching for item and navigating to item Product Details Page&quot;, &quot;Search for an item and click on an item on Amazon&quot;](4)" classname="features.TestNGTestRunner" time="30.033">
    <failure message="stale element reference: element is not attached to the page document&#10;  (Session info: chrome=111.0.5563.65)&#10;For documentation on this error, please visit: https://selenium.dev/exceptions/#stale_element_reference&#10;Build info: version: &apos;4.8.0&apos;, revision: &apos;267030adea&apos;&#10;System info: os.name: &apos;Windows 10&apos;, os.arch: &apos;amd64&apos;, os.version: &apos;10.0&apos;, java.version: &apos;11.0.16.1&apos;&#10;Driver info: org.openqa.selenium.chrome.ChromeDriver&#10;Command: [55b8318b11bdd5941a41d7f8f2732cbf, getElementText {id=26b8125b-e5d7-48a5-b258-3ec9455445d3}]&#10;Capabilities {acceptInsecureCerts: false, browserName: chrome, browserVersion: 111.0.5563.65, chrome: {chromedriverVersion: 111.0.5563.19 (378a38865270..., userDataDir: C:\Users\lordr\AppData\Loca...}, goog:chromeOptions: {debuggerAddress: localhost:54841}, networkConnectionEnabled: false, pageLoadStrategy: normal, platformName: WINDOWS, proxy: Proxy(), se:cdp: ws://localhost:54841/devtoo..., se:cdpVersion: 111.0.5563.65, setWindowRect: true, strictFileInteractability: false, timeouts: {implicit: 0, pageLoad: 300000, script: 30000}, unhandledPromptBehavior: dismiss and notify, webauthn:extension:credBlob: true, webauthn:extension:largeBlob: true, webauthn:extension:minPinLength: true, webauthn:extension:prf: true, webauthn:virtualAuthenticators: true}&#10;Element: [[ChromeDriver: chrome on WINDOWS (55b8318b11bdd5941a41d7f8f2732cbf)] -&gt; xpath: /html[1]/body[1]/div[1]/div[2]/div[1]/div[1]/div | /html[1]/body[1]/div[1]/div[2]/div[1]/div[1]/a]&#10;Session ID: 55b8318b11bdd5941a41d7f8f2732cbf" type="org.openqa.selenium.StaleElementReferenceException"><![CDATA[org.openqa.selenium.StaleElementReferenceException: 
stale element reference: element is not attached to the page document
  (Session info: chrome=111.0.5563.65)
For documentation on this error, please visit: https://selenium.dev/exceptions/#stale_element_reference
Build info: version: '4.8.0', revision: '267030adea'
System info: os.name: 'Windows 10', os.arch: 'amd64', os.version: '10.0', java.version: '11.0.16.1'
Driver info: org.openqa.selenium.chrome.ChromeDriver
Command: [55b8318b11bdd5941a41d7f8f2732cbf, getElementText {id=26b8125b-e5d7-48a5-b258-3ec9455445d3}]
Capabilities {acceptInsecureCerts: false, browserName: chrome, browserVersion: 111.0.5563.65, chrome: {chromedriverVersion: 111.0.5563.19 (378a38865270..., userDataDir: C:\Users\lordr\AppData\Loca...}, goog:chromeOptions: {debuggerAddress: localhost:54841}, networkConnectionEnabled: false, pageLoadStrategy: normal, platformName: WINDOWS, proxy: Proxy(), se:cdp: ws://localhost:54841/devtoo..., se:cdpVersion: 111.0.5563.65, setWindowRect: true, strictFileInteractability: false, timeouts: {implicit: 0, pageLoad: 300000, script: 30000}, unhandledPromptBehavior: dismiss and notify, webauthn:extension:credBlob: true, webauthn:extension:largeBlob: true, webauthn:extension:minPinLength: true, webauthn:extension:prf: true, webauthn:virtualAuthenticators: true}
Element: [[ChromeDriver: chrome on WINDOWS (55b8318b11bdd5941a41d7f8f2732cbf)] -> xpath: /html[1]/body[1]/div[1]/div[2]/div[1]/div[1]/div | /html[1]/body[1]/div[1]/div[2]/div[1]/div[1]/a]
Session ID: 55b8318b11bdd5941a41d7f8f2732cbf
]]></failure>
    <system-err><![CDATA[Starting ChromeDriver 111.0.5563.19 (378a38865270d286695aeb86f190564911ef7bc2-refs/branch-heads/5563@{#251}) on port 13299
Only local connections are allowed.
Please see https://chromedriver.chromium.org/security-considerations for suggestions on keeping ChromeDriver safe.
ChromeDriver was started successfully.
Mar 15, 2023 1:55:18 AM org.openqa.selenium.devtools.CdpVersionFinder findNearestMatch
WARNING: Unable to find an exact match for CDP version 111, so returning the closest version found: 109
[1678859747.295][SEVERE]: Unable to receive message from renderer
]]></system-err>
  </testcase>
  <testcase name="runScenario[&quot;Searching for item and navigating to item Product Details Page&quot;, &quot;Search for an item and click on an item on Amazon&quot;](5)" classname="features.TestNGTestRunner" time="41.975">
    <system-err><![CDATA[Starting ChromeDriver 111.0.5563.19 (378a38865270d286695aeb86f190564911ef7bc2-refs/branch-heads/5563@{#251}) on port 44079
Only local connections are allowed.
Please see https://chromedriver.chromium.org/security-considerations for suggestions on keeping ChromeDriver safe.
ChromeDriver was started successfully.
Mar 15, 2023 1:55:48 AM org.openqa.selenium.devtools.CdpVersionFinder findNearestMatch
WARNING: Unable to find an exact match for CDP version 111, so returning the closest version found: 109
[1678859788.017][SEVERE]: Unable to receive message from renderer
]]></system-err>
  </testcase>
  <testcase name="runScenario[&quot;Searching for item and navigating to item Product Details Page&quot;, &quot;Search for an item and click on an item on Amazon&quot;](6)" classname="features.TestNGTestRunner" time="39.549">
    <system-err><![CDATA[Starting ChromeDriver 111.0.5563.19 (378a38865270d286695aeb86f190564911ef7bc2-refs/branch-heads/5563@{#251}) on port 10013
Only local connections are allowed.
Please see https://chromedriver.chromium.org/security-considerations for suggestions on keeping ChromeDriver safe.
ChromeDriver was started successfully.
Mar 15, 2023 1:56:31 AM org.openqa.selenium.devtools.CdpVersionFinder findNearestMatch
WARNING: Unable to find an exact match for CDP version 111, so returning the closest version found: 109
]]></system-err>
  </testcase>
  <testcase name="runScenario[&quot;Searching for item and navigating to item Product Details Page&quot;, &quot;Search for an item and click on an item on Amazon&quot;](7)" classname="features.TestNGTestRunner" time="31.119">
    <system-err><![CDATA[Starting ChromeDriver 111.0.5563.19 (378a38865270d286695aeb86f190564911ef7bc2-refs/branch-heads/5563@{#251}) on port 25623
Only local connections are allowed.
Please see https://chromedriver.chromium.org/security-considerations for suggestions on keeping ChromeDriver safe.
ChromeDriver was started successfully.
Mar 15, 2023 1:57:09 AM org.openqa.selenium.devtools.CdpVersionFinder findNearestMatch
WARNING: Unable to find an exact match for CDP version 111, so returning the closest version found: 109
[1678859859.957][WARNING]: Processing messages while being disconnected
[1678859859.957][SEVERE]: Unable to receive message from renderer
]]></system-err>
  </testcase>
  <testcase name="runScenario[&quot;Searching for item and navigating to item Product Details Page&quot;, &quot;Search for an item and click on an item on Amazon&quot;](8)" classname="features.TestNGTestRunner" time="40.054">
    <system-err><![CDATA[Starting ChromeDriver 111.0.5563.19 (378a38865270d286695aeb86f190564911ef7bc2-refs/branch-heads/5563@{#251}) on port 11517
Only local connections are allowed.
Please see https://chromedriver.chromium.org/security-considerations for suggestions on keeping ChromeDriver safe.
ChromeDriver was started successfully.
Mar 15, 2023 1:57:41 AM org.openqa.selenium.devtools.CdpVersionFinder findNearestMatch
WARNING: Unable to find an exact match for CDP version 111, so returning the closest version found: 109
[1678859900.022][SEVERE]: Unable to receive message from renderer
]]></system-err>
  </testcase>
  <testcase name="runScenario[&quot;Searching for item and navigating to item Product Details Page&quot;, &quot;Search for an item and click on an item on Amazon&quot;](9)" classname="features.TestNGTestRunner" time="20.551">
    <system-err><![CDATA[Starting ChromeDriver 111.0.5563.19 (378a38865270d286695aeb86f190564911ef7bc2-refs/branch-heads/5563@{#251}) on port 14246
Only local connections are allowed.
Please see https://chromedriver.chromium.org/security-considerations for suggestions on keeping ChromeDriver safe.
ChromeDriver was started successfully.
Mar 15, 2023 1:58:21 AM org.openqa.selenium.devtools.CdpVersionFinder findNearestMatch
WARNING: Unable to find an exact match for CDP version 111, so returning the closest version found: 109
]]></system-err>
  </testcase>
  <testcase name="runScenario[&quot;Searching for item and navigating to item Product Details Page&quot;, &quot;Search for an item and click on an item on Amazon&quot;](10)" classname="features.TestNGTestRunner" time="38.08">
    <system-err><![CDATA[Starting ChromeDriver 111.0.5563.19 (378a38865270d286695aeb86f190564911ef7bc2-refs/branch-heads/5563@{#251}) on port 17847
Only local connections are allowed.
Please see https://chromedriver.chromium.org/security-considerations for suggestions on keeping ChromeDriver safe.
ChromeDriver was started successfully.
Mar 15, 2023 1:58:41 AM org.openqa.selenium.devtools.CdpVersionFinder findNearestMatch
WARNING: Unable to find an exact match for CDP version 111, so returning the closest version found: 109
[1678859958.628][SEVERE]: Unable to receive message from renderer
]]></system-err>
  </testcase>
  <testcase name="runScenario[&quot;Searching for item and navigating to item Product Details Page&quot;, &quot;Search for an item and click on an item on Amazon&quot;](11)" classname="features.TestNGTestRunner" time="38.482">
    <system-err><![CDATA[Starting ChromeDriver 111.0.5563.19 (378a38865270d286695aeb86f190564911ef7bc2-refs/branch-heads/5563@{#251}) on port 47480
Only local connections are allowed.
Please see https://chromedriver.chromium.org/security-considerations for suggestions on keeping ChromeDriver safe.
ChromeDriver was started successfully.
Mar 15, 2023 1:59:19 AM org.openqa.selenium.devtools.CdpVersionFinder findNearestMatch
WARNING: Unable to find an exact match for CDP version 111, so returning the closest version found: 109
]]></system-err>
  </testcase>
  <testcase name="runScenario[&quot;Searching for item and navigating to item Product Details Page&quot;, &quot;Search for an item and click on an item on Amazon&quot;](12)" classname="features.TestNGTestRunner" time="38.026">
    <system-err><![CDATA[Starting ChromeDriver 111.0.5563.19 (378a38865270d286695aeb86f190564911ef7bc2-refs/branch-heads/5563@{#251}) on port 9715
Only local connections are allowed.
Please see https://chromedriver.chromium.org/security-considerations for suggestions on keeping ChromeDriver safe.
ChromeDriver was started successfully.
Mar 15, 2023 1:59:58 AM org.openqa.selenium.devtools.CdpVersionFinder findNearestMatch
WARNING: Unable to find an exact match for CDP version 111, so returning the closest version found: 109
]]></system-err>
  </testcase>
  <testcase name="runScenario[&quot;Searching for item and navigating to item Product Details Page&quot;, &quot;Search for an item and click on an item on Amazon&quot;](13)" classname="features.TestNGTestRunner" time="34.172">
    <system-err><![CDATA[Starting ChromeDriver 111.0.5563.19 (378a38865270d286695aeb86f190564911ef7bc2-refs/branch-heads/5563@{#251}) on port 10701
Only local connections are allowed.
Please see https://chromedriver.chromium.org/security-considerations for suggestions on keeping ChromeDriver safe.
ChromeDriver was started successfully.
Mar 15, 2023 2:00:36 AM org.openqa.selenium.devtools.CdpVersionFinder findNearestMatch
WARNING: Unable to find an exact match for CDP version 111, so returning the closest version found: 109
]]></system-err>
  </testcase>
  <testcase name="runScenario[&quot;Searching for item and navigating to item Product Details Page&quot;, &quot;Search for an item and click on an item on Amazon&quot;](14)" classname="features.TestNGTestRunner" time="33.625">
    <system-err><![CDATA[Starting ChromeDriver 111.0.5563.19 (378a38865270d286695aeb86f190564911ef7bc2-refs/branch-heads/5563@{#251}) on port 41644
Only local connections are allowed.
Please see https://chromedriver.chromium.org/security-considerations for suggestions on keeping ChromeDriver safe.
ChromeDriver was started successfully.
Mar 15, 2023 2:01:10 AM org.openqa.selenium.devtools.CdpVersionFinder findNearestMatch
WARNING: Unable to find an exact match for CDP version 111, so returning the closest version found: 109
]]></system-err>
  </testcase>
  <testcase name="runScenario[&quot;Searching for item and navigating to item Product Details Page&quot;, &quot;Search for an item and click on an item on Amazon&quot;](15)" classname="features.TestNGTestRunner" time="53.982">
    <system-err><![CDATA[Starting ChromeDriver 111.0.5563.19 (378a38865270d286695aeb86f190564911ef7bc2-refs/branch-heads/5563@{#251}) on port 16708
Only local connections are allowed.
Please see https://chromedriver.chromium.org/security-considerations for suggestions on keeping ChromeDriver safe.
ChromeDriver was started successfully.
Mar 15, 2023 2:01:43 AM org.openqa.selenium.devtools.CdpVersionFinder findNearestMatch
WARNING: Unable to find an exact match for CDP version 111, so returning the closest version found: 109
]]></system-err>
  </testcase>
  <testcase name="runScenario[&quot;Searching for item and navigating to item Product Details Page&quot;, &quot;Search for an item and click on an item on Amazon&quot;](16)" classname="features.TestNGTestRunner" time="19.726">
    <system-err><![CDATA[Starting ChromeDriver 111.0.5563.19 (378a38865270d286695aeb86f190564911ef7bc2-refs/branch-heads/5563@{#251}) on port 41109
Only local connections are allowed.
Please see https://chromedriver.chromium.org/security-considerations for suggestions on keeping ChromeDriver safe.
ChromeDriver was started successfully.
Mar 15, 2023 2:02:37 AM org.openqa.selenium.devtools.CdpVersionFinder findNearestMatch
WARNING: Unable to find an exact match for CDP version 111, so returning the closest version found: 109
]]></system-err>
  </testcase>
  <testcase name="runScenario[&quot;Searching for item and navigating to item Product Details Page&quot;, &quot;Search for an item and click on an item on Amazon&quot;](17)" classname="features.TestNGTestRunner" time="38.507">
    <system-err><![CDATA[Starting ChromeDriver 111.0.5563.19 (378a38865270d286695aeb86f190564911ef7bc2-refs/branch-heads/5563@{#251}) on port 4819
Only local connections are allowed.
Please see https://chromedriver.chromium.org/security-considerations for suggestions on keeping ChromeDriver safe.
ChromeDriver was started successfully.
Mar 15, 2023 2:02:57 AM org.openqa.selenium.devtools.CdpVersionFinder findNearestMatch
WARNING: Unable to find an exact match for CDP version 111, so returning the closest version found: 109
]]></system-err>
  </testcase>
  <testcase name="runScenario[&quot;Searching for item and navigating to item Product Details Page&quot;, &quot;Search for an item and click on an item on Amazon&quot;](18)" classname="features.TestNGTestRunner" time="32.55">
    <system-err><![CDATA[Starting ChromeDriver 111.0.5563.19 (378a38865270d286695aeb86f190564911ef7bc2-refs/branch-heads/5563@{#251}) on port 6336
Only local connections are allowed.
Please see https://chromedriver.chromium.org/security-considerations for suggestions on keeping ChromeDriver safe.
ChromeDriver was started successfully.
Mar 15, 2023 2:03:36 AM org.openqa.selenium.devtools.CdpVersionFinder findNearestMatch
WARNING: Unable to find an exact match for CDP version 111, so returning the closest version found: 109
]]></system-err>
  </testcase>
  <testcase name="runScenario[&quot;Searching for item and navigating to item Product Details Page&quot;, &quot;Search for an item and click on an item on Amazon&quot;](19)" classname="features.TestNGTestRunner" time="66.564">
    <failure message="Expected condition failed: waiting for presence of element located by: By.xpath: //h1[@font-size=&apos;22,,24,,34&apos;] (tried for 30 second(s) with 500 milliseconds interval)" type="org.openqa.selenium.TimeoutException"><![CDATA[org.openqa.selenium.TimeoutException: Expected condition failed: waiting for presence of element located by: By.xpath: //h1[@font-size='22,,24,,34'] (tried for 30 second(s) with 500 milliseconds interval)
Caused by: org.openqa.selenium.NoSuchElementException: 
no such element: Unable to locate element: {"method":"xpath","selector":"//h1[@font-size='22,,24,,34']"}
  (Session info: chrome=111.0.5563.65)
For documentation on this error, please visit: https://selenium.dev/exceptions/#no_such_element
Build info: version: '4.8.0', revision: '267030adea'
System info: os.name: 'Windows 10', os.arch: 'amd64', os.version: '10.0', java.version: '11.0.16.1'
Driver info: org.openqa.selenium.chrome.ChromeDriver
Command: [ef8c1eb57f1f2218db45598ccaaac288, findElement {using=xpath, value=//h1[@font-size='22,,24,,34']}]
Capabilities {acceptInsecureCerts: false, browserName: chrome, browserVersion: 111.0.5563.65, chrome: {chromedriverVersion: 111.0.5563.19 (378a38865270..., userDataDir: C:\Users\lordr\AppData\Loca...}, goog:chromeOptions: {debuggerAddress: localhost:60085}, networkConnectionEnabled: false, pageLoadStrategy: normal, platformName: WINDOWS, proxy: Proxy(), se:cdp: ws://localhost:60085/devtoo..., se:cdpVersion: 111.0.5563.65, setWindowRect: true, strictFileInteractability: false, timeouts: {implicit: 0, pageLoad: 300000, script: 30000}, unhandledPromptBehavior: dismiss and notify, webauthn:extension:credBlob: true, webauthn:extension:largeBlob: true, webauthn:extension:minPinLength: true, webauthn:extension:prf: true, webauthn:virtualAuthenticators: true}
Session ID: ef8c1eb57f1f2218db45598ccaaac288
]]></failure>
    <system-err><![CDATA[Starting ChromeDriver 111.0.5563.19 (378a38865270d286695aeb86f190564911ef7bc2-refs/branch-heads/5563@{#251}) on port 30188
Only local connections are allowed.
Please see https://chromedriver.chromium.org/security-considerations for suggestions on keeping ChromeDriver safe.
ChromeDriver was started successfully.
Mar 15, 2023 2:04:08 AM org.openqa.selenium.devtools.CdpVersionFinder findNearestMatch
WARNING: Unable to find an exact match for CDP version 111, so returning the closest version found: 109
]]></system-err>
  </testcase>
</testsuite>