<?xml version="1.0" encoding="UTF-8"?>
<testng-results ignored="0" total="1" passed="1" failed="0" skipped="0">
  <reporter-output>
  </reporter-output>
  <suite started-at="2023-04-28T06:08:33Z" name="Default suite" finished-at="2023-04-28T06:08:50Z" duration-ms="17312">
    <groups>
      <group name="cucumber">
        <method signature="AbstractTestNGCucumberTests.runScenario(io.cucumber.testng.PickleWrapper, io.cucumber.testng.FeatureWrapper)[pri:0, instance:features.TestNGTestRunner@4f32a3ad]" name="runScenario" class="io.cucumber.testng.AbstractTestNGCucumberTests"/>
      </group> <!-- cucumber -->
    </groups>
    <test started-at="2023-04-28T06:08:33Z" name="Default test" finished-at="2023-04-28T06:08:50Z" duration-ms="17312">
      <class name="features.TestNGTestRunner">
        <test-method is-config="true" signature="setUpClass(org.testng.ITestContext)[pri:0, instance:features.TestNGTestRunner@4f32a3ad]" started-at="2023-04-28T06:08:33Z" name="setUpClass" finished-at="2023-04-28T06:08:34Z" duration-ms="580" status="PASS">
          <params>
            <param index="0">
              <value>
                <![CDATA[org.testng.TestRunner@4207852d]]>
              </value>
            </param>
          </params>
          <reporter-output>
          </reporter-output>
        </test-method> <!-- setUpClass -->
        <test-method signature="runScenario(io.cucumber.testng.PickleWrapper, io.cucumber.testng.FeatureWrapper)[pri:0, instance:features.TestNGTestRunner@4f32a3ad]" started-at="2023-04-28T06:08:34Z" name="runScenario" description="Runs Cucumber Scenarios" data-provider="scenarios" finished-at="2023-04-28T06:08:50Z" duration-ms="16668" status="PASS">
          <params>
            <param index="0">
              <value>
                <![CDATA["Selecting trusted brand and making specifications in item catalog page"]]>
              </value>
            </param>
            <param index="1">
              <value>
                <![CDATA["User Selects a trusted brand from homepage, adds specifications at item catalog, user is then shown results that match parameters"]]>
              </value>
            </param>
          </params>
          <reporter-output>
          </reporter-output>
        </test-method> <!-- runScenario -->
        <test-method is-config="true" signature="tearDownClass()[pri:0, instance:features.TestNGTestRunner@4f32a3ad]" started-at="2023-04-28T06:08:50Z" name="tearDownClass" finished-at="2023-04-28T06:08:50Z" duration-ms="50" status="PASS">
          <reporter-output>
          </reporter-output>
        </test-method> <!-- tearDownClass -->
      </class> <!-- features.TestNGTestRunner -->
    </test> <!-- Default test -->
  </suite> <!-- Default suite -->
</testng-results>
