<?xml version="1.0" encoding="UTF-8"?>
<testng-results ignored="0" total="2" passed="2" failed="0" skipped="0">
  <reporter-output>
  </reporter-output>
  <suite started-at="2023-04-21T22:02:18Z" name="Default suite" finished-at="2023-04-21T22:03:08Z" duration-ms="50163">
    <groups>
      <group name="cucumber">
        <method signature="AbstractTestNGCucumberTests.runScenario(io.cucumber.testng.PickleWrapper, io.cucumber.testng.FeatureWrapper)[pri:0, instance:features.TestNGTestRunner@4f32a3ad]" name="runScenario" class="io.cucumber.testng.AbstractTestNGCucumberTests"/>
      </group> <!-- cucumber -->
    </groups>
    <test started-at="2023-04-21T22:02:18Z" name="Default test" finished-at="2023-04-21T22:03:08Z" duration-ms="50163">
      <class name="features.TestNGTestRunner">
        <test-method is-config="true" signature="setUpClass(org.testng.ITestContext)[pri:0, instance:features.TestNGTestRunner@4f32a3ad]" started-at="2023-04-21T22:02:18Z" name="setUpClass" finished-at="2023-04-21T22:02:19Z" duration-ms="835" status="PASS">
          <params>
            <param index="0">
              <value>
                <![CDATA[org.testng.TestRunner@3b353651]]>
              </value>
            </param>
          </params>
          <reporter-output>
          </reporter-output>
        </test-method> <!-- setUpClass -->
        <test-method signature="runScenario(io.cucumber.testng.PickleWrapper, io.cucumber.testng.FeatureWrapper)[pri:0, instance:features.TestNGTestRunner@4f32a3ad]" started-at="2023-04-21T22:02:19Z" name="runScenario" description="Runs Cucumber Scenarios" data-provider="scenarios" finished-at="2023-04-21T22:02:40Z" duration-ms="20953" status="PASS">
          <params>
            <param index="0">
              <value>
                <![CDATA["Selecting category and navigating to item Product Details Page"]]>
              </value>
            </param>
            <param index="1">
              <value>
                <![CDATA["User Selects category from navbar and clicks subcategories until item selection is shown and user selects first item"]]>
              </value>
            </param>
          </params>
          <reporter-output>
          </reporter-output>
        </test-method> <!-- runScenario -->
        <test-method signature="runScenario(io.cucumber.testng.PickleWrapper, io.cucumber.testng.FeatureWrapper)[pri:0, instance:features.TestNGTestRunner@4f32a3ad]" started-at="2023-04-21T22:02:40Z" name="runScenario" description="Runs Cucumber Scenarios" data-provider="scenarios" finished-at="2023-04-21T22:03:08Z" duration-ms="28304" status="PASS">
          <params>
            <param index="0">
              <value>
                <![CDATA["Searching for item and navigating to item Product Details Page"]]>
              </value>
            </param>
            <param index="1">
              <value>
                <![CDATA["Search for a given product category and clicks subcategories until item selection is shown and user selects first item"]]>
              </value>
            </param>
          </params>
          <reporter-output>
          </reporter-output>
        </test-method> <!-- runScenario -->
        <test-method is-config="true" signature="tearDownClass()[pri:0, instance:features.TestNGTestRunner@4f32a3ad]" started-at="2023-04-21T22:03:08Z" name="tearDownClass" finished-at="2023-04-21T22:03:08Z" duration-ms="52" status="PASS">
          <reporter-output>
          </reporter-output>
        </test-method> <!-- tearDownClass -->
      </class> <!-- features.TestNGTestRunner -->
    </test> <!-- Default test -->
  </suite> <!-- Default suite -->
</testng-results>
