<?xml version="1.0" encoding="UTF-8"?>
<!-- Generated by org.testng.reporters.JUnitReportReporter -->
<testsuite hostname="LAPTOP-PJ7L08O1" failures="1" tests="8" name="features.BrandSelectTestRunner" time="177.565" errors="0" timestamp="01 May 2023 21:09:22 GMT" skipped="0">
  <testcase classname="features.BrandSelectTestRunner" name="runScenario" time="20.973"/>
  <testcase classname="features.BrandSelectTestRunner" name="runScenario" time="30.824"/>
  <testcase classname="features.BrandSelectTestRunner" name="runScenario" time="24.308">
    <failure message="Specifications not reflected in search results: 
 Scenario Parameters: 
reviewScore: null
application: null
material: null
size: null
inStockOnly: true
priceRange: $2000 to $2500
productType: Pump
 expected [true] but found [false]" type="java.lang.AssertionError">
      <![CDATA[java.lang.AssertionError: Specifications not reflected in search results: 
 Scenario Parameters: 
reviewScore: null
application: null
material: null
size: null
inStockOnly: true
priceRange: $2000 to $2500
productType: Pump
 expected [true] but found [false]
at org.testng.Assert.fail(Assert.java:96)
at org.testng.Assert.failNotEquals(Assert.java:776)
at org.testng.Assert.assertTrue(Assert.java:44)
at StepDefinitions.ItemSearchSteps.productDetailsPageIsDisplayed(ItemSearchSteps.java:119)
at ✽.Products with specifications are displayed(file:///C:/Users/lordr/AppiumWorkspace/AmazonFramework/Automation/src/test/java/features/BrandSelectWIthSpecificationsAdded.feature:11)
]]>
    </failure>
  </testcase> <!-- runScenario -->
  <testcase classname="features.BrandSelectTestRunner" name="runScenario" time="18.339"/>
  <testcase classname="features.BrandSelectTestRunner" name="runScenario" time="19.222"/>
  <testcase classname="features.BrandSelectTestRunner" name="runScenario" time="16.668"/>
  <testcase classname="features.BrandSelectTestRunner" name="runScenario" time="24.605"/>
  <testcase classname="features.BrandSelectTestRunner" name="runScenario" time="22.626"/>
</testsuite> <!-- features.BrandSelectTestRunner -->
